     1                                  bits 32 ; assembling for the 32 bits architecture
     2                                  
     3                                  ; declare the EntryPoint (a label defining the very first instruction of the program)
     4                                  global start        
     5                                  
     6                                  ; declare external functions needed by our program
     7                                  extern exit               ; tell nasm that exit exists even if we won't be defining it
     8                                  import exit msvcrt.dll    ; exit is a function that ends the calling process. It is defined in msvcrt.dll
     9                                                            ; msvcrt.dll contains exit, printf and all the other important C-runtime specific functions
    10                                  
    11                                  ; our data is declared here (the variables needed by our program)
    12                                  segment data use32 class=data
    13 00000000 01                          a db 1
    14 00000001 02                          b db 2
    15 00000002 03                          c db 3
    16 00000003 C800                        d dw 200
    17                                  
    18                                  ; our code starts here
    19                                  segment code use32 class=code
    20                                      start:
    21                                          ; Expression: 3 * [20 * (b - a + 2) - 10 * c] + 2 * (d - 3)
    22 00000000 0FBE05[00000000]                movsx eax, byte[a] 
    23 00000007 0FBE1D[01000000]                movsx ebx, byte[b] 
    24 0000000E 29C3                            sub ebx, eax ; b-a
    25 00000010 83C302                          add ebx, 2 
    26 00000013 89D8                            mov eax, ebx 
    27 00000015 BB14000000                      mov ebx, 20
    28 0000001A F7EB                            imul ebx ; 20 * (b - a + 2) in eax 
    29                                          
    30 0000001C 89C3                            mov ebx, eax ; move to ebx 
    31 0000001E 0FBE05[02000000]                movsx eax, byte[c] 
    32 00000025 B90A000000                      mov ecx, 10 
    33 0000002A F7E9                            imul ecx ; 10 * c in eax 
    34                                          
    35 0000002C 29C3                            sub ebx, eax ; 20 * (b - a + 2) - 10 * c in ebx
    36 0000002E 89D8                            mov eax, ebx 
    37 00000030 BB03000000                      mov ebx, 3
    38 00000035 F7EB                            imul ebx 
    39                                          
    40 00000037 89C1                            mov ecx, eax 
    41                                          
    42 00000039 0FBF05[03000000]                movsx eax, word [d] 
    43 00000040 83E803                          sub eax, 3
    44 00000043 BB02000000                      mov ebx, 2
    45 00000048 F7EB                            imul ebx 
    46                                          
    47 0000004A 01C8                            add eax, ecx
    48                                          
    49                                          ; exit(0)
    50 0000004C 6A00                            push    dword 0      ; push the parameter for exit onto the stack
    51 0000004E FF15[00000000]                  call    [exit]       ; call exit to terminate the program
